    0.536 D <> Log initialized.
    0.539 D "PolyMC" , (c) 2013-2021  "PolyMC Contributors\n© 2012-2021 MultiMC Contributors"
    0.541 D Version                    :  "6.1"
    0.543 D Git commit                 :  "52734e7bac07d287808cbc467c50152a0c2515dd"
    0.545 D Git refspec                :  ""
    0.547 D Work dir before adjustment :  "/IUT45/Etudiants/o22204986/minecraftiut/PolyMC-Linux-Portable-6.1/bin"
    0.549 D Work dir after adjustment  :  "/IUT45/Etudiants/o22204986/minecraftiut/PolyMC-Linux-Portable-6.1"
    0.552 D Adjusted by                :  "Portable data path"
    0.553 D Binary path                :  "/IUT45/Etudiants/o22204986/minecraftiut/PolyMC-Linux-Portable-6.1/bin"
    0.556 D Application root path      :  "/IUT45/Etudiants/o22204986/minecraftiut/PolyMC-Linux-Portable-6.1"
    0.558 D <> Paths set.
    0.604 D Detected default console font: "DejaVu Sans Mono" , substitutions: ""
    0.776 D <> Settings loaded.
    0.793 D Detecting proxy settings...
    0.797 D Using no proxy is an option!
    0.798 D <> Network done.
    0.809 D Loading Qt Language File for fr ...
    0.833 D Loading Application Language File for fr ...
    0.836 D Your language is "fr"
    0.838 D <> Translations loaded.
    0.845 D Started watching  "/IUT45/Etudiants/o22204986/minecraftiut/PolyMC-Linux-Portable-6.1/icons"
    0.852 D Sorting icon list...
    0.856 D <> Instance icons intialized.
    0.861 D <> Icon themes initialized.
    0.863 D Determining System Theme...
    0.867 D System theme seems to be: "fusion"
    0.873 D Considering theme from theme factory: "windows"
    0.875 D Considering theme from theme factory: "fusion"
    0.878 D System theme has been determined to be: "Fusion"
    0.881 D Loading theme "custom"
    0.910 D <> Widget themes initialized.
    0.917 D Instance path              :  "instances"
    0.921 D Loading Instances...
    0.923 D Discovering instances in "/IUT45/Etudiants/o22204986/minecraftiut/PolyMC-Linux-Portable-6.1/instances"
    0.934 D Found instance ID "1.21.4"
    0.941 D Found instance ID "1.8.9"
    0.943 D Will load group list now.
    0.953 D Group list loaded.
    0.959 D Loaded instance  "1.21.4"  from  "/IUT45/Etudiants/o22204986/minecraftiut/PolyMC-Linux-Portable-6.1/instances/1.21.4"
    0.976 D Loaded instance  "1.8.9"  from  "/IUT45/Etudiants/o22204986/minecraftiut/PolyMC-Linux-Portable-6.1/instances/1.8.9"
    0.980 D <> Instances loaded.
    0.982 D Loading accounts...
    0.993 D AccountList: Queued default account with internal ID  "35309260dbf040bbad0da2196fe34e50"  to refresh first
    0.996 D Task "MSASilent(0x6478d42d56f0)" starting for the first time
    1.001 D AuthFlow: "Connexion avec un compte Microsoft."
    1.003 D DeviceFlow::refresh: Token: ... "PEIKEM$"
    1.021 D RefreshSchedule: Processing account  "MattMonyo17"  with internal ID  "35309260dbf040bbad0da2196fe34e50"
    1.024 D <> Accounts loaded.
    1.038 D <> Cache initialized.
    1.041 D Downloading Translations Index...
    1.045 W Removing cache entry because of old age!
    1.047 D Task "NetJob(Translations Index)" starting for the first time
    1.050 D <> Icon theme set.
    1.053 D <> Application theme set.
    1.125 D Reloading news.
    1.129 D Task "NetJob(News RSS Feed)" starting for the first time
    1.160 D Task "ComponentUpdateTask(0x6478d44cad90)" starting for the first time
    1.163 D Loading components
    1.215 D Component list save is scheduled for "1.21.4"
    1.451 D Resolving dependencies
    1.455 D "Req: org.lwjgl3" Is met.
    1.458 D Task "ComponentUpdateTask(0x6478d44cad90)" succeeded
    1.460 D Component list update/resolve task succeeded for "1.21.4"
    1.554 D <> Main window shown.
    1.598 D Task "Net::Download(0x6478d43a5ee0)" starting for the first time
    1.604 D Downloading  "https://i18n.polymc.org/index_v2.json"
    1.607 D Task "Net::Download(0x6478d43e6c10)" starting for the first time
    1.610 D Downloading  "https://polymc.org/feed/feed.xml"
    1.614 D Dir changed: "/IUT45/Etudiants/o22204986/minecraftiut/PolyMC-Linux-Portable-6.1/translations"
    1.620 D Loading Qt Language File for fr ...
    1.624 D Loading Application Language File for fr ...
    1.691 D Download succeeded: "https://i18n.polymc.org/index_v2.json"
    1.695 D Task "NetJob(Translations Index)" succeeded
    1.698 D Got translations index!
    1.701 W Removing cache entry because of old age!
    1.704 D Task "NetJob(Translation for fr)" starting for the first time
    1.706 D Download succeeded: "https://polymc.org/feed/feed.xml"
    1.708 D Task "NetJob(News RSS Feed)" succeeded
    1.712 D Finished loading RSS feed.
    1.722 D Loaded news entry "PolyMC 6.1, now available"
    1.725 D Loaded news entry "PolyMC 6.0, now available"
    1.727 D Loaded news entry "(ANOTHER SECURITY VULNERABILITY - READ TO STAY SAFE) PolyMC 5.1, now available"
    1.729 D Loaded news entry "(SECURITY PATCH - PLEASE READ THIS NEWS POST FULLY TO STAY SAFE) PolyMC 5.0, now available"
    1.730 D Loaded news entry "Major Bugfix 1.4.3, now available"
    1.732 D Loaded news entry "What happened, and the next step."
    1.734 D Loaded news entry "PolyMC Update 1.4.2, now available"
    1.736 D Loaded news entry "PolyMC Update 1.4.1, now available"
    1.737 D Loaded news entry "PolyMC Update 1.4.0, now available"
    1.739 D Loaded news entry "PolyMC Update 1.3.2, now available"
    1.741 D Loaded news entry "PolyMC Update 1.3.1, now available"
    1.743 D Loaded news entry "PolyMC Update 1.3.0, now available"
    1.745 D Loaded news entry "PolyMC Update 1.2.2, now available (CurseForge Hotfix)"
    1.746 D Loaded news entry "PolyMC Update 1.2.1, now available"
    1.748 D Loaded news entry "PolyMC Update 1.2.0, now available"
    1.750 D Loaded news entry "Rewrite in electron (April Fools 2022)"
    1.751 D Loaded news entry "PolyMC Update 1.1.1, now available"
    1.753 D Loaded news entry "PolyMC Update 1.1.0, now available"
    1.755 D Loaded news entry "Moving on"
    1.756 D Loaded news entry "Modrinth support and Mod downloading"
    1.758 D Loaded news entry "New maintainers and step down."
    1.760 D News loading succeeded.
    1.762 D Dir changed: "/IUT45/Etudiants/o22204986/minecraftiut/PolyMC-Linux-Portable-6.1/translations"
    1.768 D Loading Qt Language File for fr ...
    1.771 D Loading Application Language File for fr ...
    1.773 D Task "Net::Download(0x6478d4036530)" starting for the first time
    1.778 D Downloading  "https://i18n.polymc.org/54ae6291af5f155d1a11a3f0ce91760625208638.class"
    1.783 D Dir changed: "/IUT45/Etudiants/o22204986/minecraftiut/PolyMC-Linux-Portable-6.1/translations"
    1.788 D Loading Qt Language File for fr ...
    1.791 D Loading Application Language File for fr ...
    1.838 C Failed to commit changes to  "/IUT45/Etudiants/o22204986/minecraftiut/PolyMC-Linux-Portable-6.1/translations/mmc_fr.qm"
    1.840 D Download failed to finalize: "https://i18n.polymc.org/54ae6291af5f155d1a11a3f0ce91760625208638.class"
    1.842 D Task "Net::Download(0x6478d4036530)" restarting for after failing at first
    1.849 D Downloading  "https://i18n.polymc.org/54ae6291af5f155d1a11a3f0ce91760625208638.class"
    1.852 D Dir changed: "/IUT45/Etudiants/o22204986/minecraftiut/PolyMC-Linux-Portable-6.1/translations"
    1.860 D Loading Qt Language File for fr ...
    1.922 D Download succeeded: "https://i18n.polymc.org/54ae6291af5f155d1a11a3f0ce91760625208638.class"
    1.924 D Task "NetJob(Translation for fr)" succeeded
    1.927 D Got translation: "fr"
    1.930 D Loading Qt Language File for fr ...
    1.938 D Loading Application Language File for fr ...
    1.943 D Dir changed: "/IUT45/Etudiants/o22204986/minecraftiut/PolyMC-Linux-Portable-6.1/translations"
    1.954 D Loading Qt Language File for fr ...
    1.961 D Loading Application Language File for fr ...
    1.964 D DeviceFlow::setLinked: true
    1.966 D AuthFlow: "Connexion en tant qu'utilisateur Xbox."
    1.968 D First layer of XBox auth ... commencing.
    1.970 D New token expires in QDateTime(2025-01-17 12:04:57.856 UTC Qt::UTC) seconds
    2.176 D Parsing "UToken" :
    2.199 D "UToken" is valid.
    2.206 D AuthFlow: "Récupération de l'autorisation d'accéder aux services Xbox."
    2.210 D Getting authorization token for  "http://xboxlive.com"
    2.960 D Parsing "Xbox" :
    2.962 D "Xbox" is valid.
    2.965 D AuthFlow: "Récupération de l'autorisation d'accéder aux services Mojang."
    2.968 D Getting authorization token for  "rp://api.minecraftservices.com/"
    3.319 D Parsing "Mojang" :
    3.322 D "Mojang" is valid.
    3.324 D AuthFlow: "Accès aux services de Mojang."
    3.327 D Getting Minecraft access token...
    3.719 D Parsing Mojang response...
    3.723 D Mojang response is valid.
    3.725 D AuthFlow: "Récupération du profil Xbox."
    3.728 D Getting Xbox profile...
    4.427 D AuthFlow: "Détermination de la propriété du jeu."
    4.428 D Getting entitlements...
    5.228 D Parsing Minecraft entitlements...
    5.252 D AuthFlow: "Récupération du profil Minecraft."
    5.412 D Parsing Minecraft profile...
    5.415 D AuthFlow: "Récupération du skin."
    5.442 D Task "MSASilent(0x6478d42d56f0)" succeeded
    5.451 D Writing account list to "accounts.json"
    5.453 D Building JSON data structure.
    5.455 D Building account array.
    5.458 D Writing account list to file.
    5.623 D Saved account list to "accounts.json"
    5.627 D RefreshSchedule: Background account refresh succeeded
    6.236 D Component list save performed now for "1.21.4"
    6.718 D Task "LaunchController(0x6478d432d180)" starting for the first time
    6.756 D Instance-type specific settings were loaded!
   14.052 D Task "LaunchTask(0x6478d42c4840)" starting for the first time
   14.052 D Task "TextPrint(0x6478d43576f0)" starting for the first time
   14.057 D Task "TextPrint(0x6478d43576f0)" succeeded
   14.062 D Task "TextPrint(0x6478d4357560)" starting for the first time
   14.066 D Task "TextPrint(0x6478d4357560)" succeeded
   14.069 D Task "TextPrint(0x6478d42fec50)" starting for the first time
   14.073 D Task "TextPrint(0x6478d42fec50)" succeeded
   14.075 D Task "TextPrint(0x6478d4228c80)" starting for the first time
   14.078 D Task "TextPrint(0x6478d4228c80)" succeeded
   14.082 D Task "CheckJava(0x6478d432c590)" starting for the first time
   14.096 W Entry "" could not be stripped from variable "LD_LIBRARY_PATH"
   14.099 D Env: stripped "LD_LIBRARY_PATH" "/usr/lib/oracle/12.1/client64/lib/" to "/usr/lib/oracle/12.1/client64/lib/"
   14.102 D "Running java checker: /usr/lib/jvm/java-21-openjdk-amd64/bin/java-jar /IUT45/Etudiants/o22204986/minecraftiut/PolyMC-Linux-Portable-6.1/share/jars/JavaCheck.jar"
   14.255 D STDOUT "os.arch=amd64\njava.version=21.0.5\njava.vendor=Ubuntu\n"
   14.255 W STDERR ""
   14.261 D Java checker finished with status  QProcess::NormalExit  exit code  0
   14.266 D Java checker succeeded.
   14.661 C "Error changing setting JavaVendor. Setting doesn't exist."
   14.868 D Task "CheckJava(0x6478d432c590)" succeeded
   14.873 D Task "CreateGameFolders(0x6478d4414a80)" starting for the first time
   14.888 D Task "CreateGameFolders(0x6478d4414a80)" succeeded
   14.892 D Task "ClaimAccount(0x6478d415ce60)" starting for the first time
   14.906 D Writing account list to "accounts.json"
   14.911 D Building JSON data structure.
   14.914 D Building account array.
   14.920 D Writing account list to file.
   15.068 D Saved account list to "accounts.json"
   15.074 W Profile "fa3767bae476448699872be71b5b6e19" is now in use.
   15.077 D Task "ClaimAccount(0x6478d415ce60)" succeeded
   15.081 D Task "Update(0x6478d47acd00)" starting for the first time
   15.086 D Task "MinecraftUpdate(0x6478d431b5d0)" starting for the first time
   15.098 D Task "ComponentUpdateTask(0x6478d42378b0)" starting for the first time
   15.101 D Loading components
   15.104 D Index is already loaded
   15.109 D Component list save is scheduled for "1.21.4"
   15.112 D Resolving dependencies
   15.116 D "Req: org.lwjgl3" Is met.
   15.119 D Task "ComponentUpdateTask(0x6478d42378b0)" succeeded
   15.122 D Component list update/resolve task succeeded for "1.21.4"
   15.127 D Task "FoldersTask(0x6478d42fbab0)" starting for the first time
   15.171 D Task "FoldersTask(0x6478d42fbab0)" succeeded
   15.173 D Task "LibrariesTask(0x6478d42fe940)" starting for the first time
   15.176 D "1.21.4" : downloading libraries
   15.179 D Applying "org.lwjgl3" GOOD
   15.183 D Applying "net.minecraft" GOOD
   16.856 D Task "NetJob(Bibliothèques de l'instance 1.21.4)" starting for the first time
   16.865 D Task "NetJob(Bibliothèques de l'instance 1.21.4)" succeeded
   16.867 D Task "LibrariesTask(0x6478d42fe940)" succeeded
   16.869 D Task "FMLLibrariesTask(0x6478d4410cb0)" starting for the first time
   16.871 D Task "FMLLibrariesTask(0x6478d4410cb0)" succeeded
   16.872 D Task "AssetUpdateTask(0x6478d4411010)" starting for the first time
   16.878 D Asset index SHA1: "7602781411ca0330c35519f201b058f985086d27"
   16.880 D "1.21.4" : Starting asset index download
   16.882 D Task "NetJob(Index des ressources de 1.21.4)" starting for the first time
   16.885 D Task "Net::Download(0x6478d444d730)" starting for the first time
   16.891 D Downloading  "https://piston-meta.mojang.com/v1/packages/7602781411ca0330c35519f201b058f985086d27/19.json"
   17.156 D Download succeeded: "https://piston-meta.mojang.com/v1/packages/7602781411ca0330c35519f201b058f985086d27/19.json"
   17.158 D Task "NetJob(Index des ressources de 1.21.4)" succeeded
   17.161 D "1.21.4" : Finished asset index download
   34.170 D Task "AssetUpdateTask(0x6478d4411010)" succeeded
   34.170 D Task "MinecraftUpdate(0x6478d431b5d0)" succeeded
   34.174 D Task "Update(0x6478d47acd00)" succeeded
   34.178 D Task "ModMinecraftJar(0x6478d4439cb0)" starting for the first time
   34.180 D Task "ModMinecraftJar(0x6478d4439cb0)" succeeded
   34.184 D Task "ScanModFolders(0x6478d42340e0)" starting for the first time
   34.203 D Component list save performed now for "1.21.4"
   34.305 D Task "ScanModFolders(0x6478d42340e0)" succeeded
   34.306 D Task "PrintInstanceInfo(0x7ccbc015eb40)" starting for the first time
   35.924 D Task "PrintInstanceInfo(0x7ccbc015eb40)" succeeded
   35.924 D Task "ExtractNatives(0x6478d432d3f0)" starting for the first time
   35.928 D Task "ExtractNatives(0x6478d432d3f0)" succeeded
   35.930 D Task "ReconstructAssets(0x6478d432ea30)" starting for the first time
   35.933 D reconstructAssets "assets" "assets/indexes" "assets/objects" "assets/virtual" "assets/virtual/19"
   35.943 D Task "ReconstructAssets(0x6478d432ea30)" succeeded
   35.945 D Task "VerifyJavaInstall(0x6478d432f730)" starting for the first time
   35.947 D Task "VerifyJavaInstall(0x6478d432f730)" succeeded
   35.949 D Task "LauncherPartLaunch(0x6478d4083650)" starting for the first time
   35.968 W Entry "" could not be stripped from variable "LD_LIBRARY_PATH"
   35.969 D Env: stripped "LD_LIBRARY_PATH" "/usr/lib/oracle/12.1/client64/lib/" to "/usr/lib/oracle/12.1/client64/lib/"
   35.972 D "-Xms512m -Xmx4096m -Duser.language=en -Djava.library.path=/IUT45/Etudiants/o22204986/minecraftiut/PolyMC-Linux-Portable-6.1/instances/1.21.4/natives -cp /IUT45/Etudiants/o22204986/minecraftiut/PolyMC-Linux-Portable-6.1/share/jars/NewLaunch.jar:/IUT45/Etudiants/o22204986/minecraftiut/PolyMC-Linux-Portable-6.1/libraries/org/lwjgl/lwjgl-freetype-natives-linux/3.3.3/lwjgl-freetype-natives-linux-3.3.3.jar:/IUT45/Etudiants/o22204986/minecraftiut/PolyMC-Linux-Portable-6.1/libraries/org/lwjgl/lwjgl-freetype-natives-macos-patch/3.3.3/lwjgl-freetype-natives-macos-patch-3.3.3.jar:/IUT45/Etudiants/o22204986/minecraftiut/PolyMC-Linux-Portable-6.1/libraries/org/lwjgl/lwjgl-freetype/3.3.3/lwjgl-freetype-3.3.3.jar:/IUT45/Etudiants/o22204986/minecraftiut/PolyMC-Linux-Portable-6.1/libraries/org/lwjgl/lwjgl-glfw-natives-linux/3.3.3/lwjgl-glfw-natives-linux-3.3.3.jar:/IUT45/Etudiants/o22204986/minecraftiut/PolyMC-Linux-Portable-6.1/libraries/org/lwjgl/lwjgl-glfw/3.3.3/lwjgl-glfw-3.3.3.jar:/IUT45/Etudiants/o22204986/minecraftiut/PolyMC-Linux-Portable-6.1/libraries/org/lwjgl/lwjgl-jemalloc-natives-linux/3.3.3/lwjgl-jemalloc-natives-linux-3.3.3.jar:/IUT45/Etudiants/o22204986/minecraftiut/PolyMC-Linux-Portable-6.1/libraries/org/lwjgl/lwjgl-jemalloc/3.3.3/lwjgl-jemalloc-3.3.3.jar:/IUT45/Etudiants/o22204986/minecraftiut/PolyMC-Linux-Portable-6.1/libraries/org/lwjgl/lwjgl-natives-linux/3.3.3/lwjgl-natives-linux-3.3.3.jar:/IUT45/Etudiants/o22204986/minecraftiut/PolyMC-Linux-Portable-6.1/libraries/org/lwjgl/lwjgl-openal-natives-linux/3.3.3/lwjgl-openal-natives-linux-3.3.3.jar:/IUT45/Etudiants/o22204986/minecraftiut/PolyMC-Linux-Portable-6.1/libraries/org/lwjgl/lwjgl-openal/3.3.3/lwjgl-openal-3.3.3.jar:/IUT45/Etudiants/o22204986/minecraftiut/PolyMC-Linux-Portable-6.1/libraries/org/lwjgl/lwjgl-opengl-natives-linux/3.3.3/lwjgl-opengl-natives-linux-3.3.3.jar:/IUT45/Etudiants/o22204986/minecraftiut/PolyMC-Linux-Portable-6.1/libraries/org/lwjgl/lwjgl-opengl/3.3.3/lwjgl-opengl-3.3.3.jar:/IUT45/Etudiants/o22204986/minecraftiut/PolyMC-Linux-Portable-6.1/libraries/org/lwjgl/lwjgl-stb-natives-linux/3.3.3/lwjgl-stb-natives-linux-3.3.3.jar:/IUT45/Etudiants/o22204986/minecraftiut/PolyMC-Linux-Portable-6.1/libraries/org/lwjgl/lwjgl-stb/3.3.3/lwjgl-stb-3.3.3.jar:/IUT45/Etudiants/o22204986/minecraftiut/PolyMC-Linux-Portable-6.1/libraries/org/lwjgl/lwjgl-tinyfd-natives-linux/3.3.3/lwjgl-tinyfd-natives-linux-3.3.3.jar:/IUT45/Etudiants/o22204986/minecraftiut/PolyMC-Linux-Portable-6.1/libraries/org/lwjgl/lwjgl-tinyfd/3.3.3/lwjgl-tinyfd-3.3.3.jar:/IUT45/Etudiants/o22204986/minecraftiut/PolyMC-Linux-Portable-6.1/libraries/org/lwjgl/lwjgl/3.3.3/lwjgl-3.3.3.jar:/IUT45/Etudiants/o22204986/minecraftiut/PolyMC-Linux-Portable-6.1/libraries/com/fasterxml/jackson/core/jackson-annotations/2.13.4/jackson-annotations-2.13.4.jar:/IUT45/Etudiants/o22204986/minecraftiut/PolyMC-Linux-Portable-6.1/libraries/com/fasterxml/jackson/core/jackson-core/2.13.4/jackson-core-2.13.4.jar:/IUT45/Etudiants/o22204986/minecraftiut/PolyMC-Linux-Portable-6.1/libraries/com/fasterxml/jackson/core/jackson-databind/2.13.4.2/jackson-databind-2.13.4.2.jar:/IUT45/Etudiants/o22204986/minecraftiut/PolyMC-Linux-Portable-6.1/libraries/com/github/oshi/oshi-core/6.6.5/oshi-core-6.6.5.jar:/IUT45/Etudiants/o22204986/minecraftiut/PolyMC-Linux-Portable-6.1/libraries/com/github/stephenc/jcip/jcip-annotations/1.0-1/jcip-annotations-1.0-1.jar:/IUT45/Etudiants/o22204986/minecraftiut/PolyMC-Linux-Portable-6.1/libraries/com/google/code/gson/gson/2.11.0/gson-2.11.0.jar:/IUT45/Etudiants/o22204986/minecraftiut/PolyMC-Linux-Portable-6.1/libraries/com/google/guava/failureaccess/1.0.2/failureaccess-1.0.2.jar:/IUT45/Etudiants/o22204986/minecraftiut/PolyMC-Linux-Portable-6.1/libraries/com/google/guava/guava/33.3.1-jre/guava-33.3.1-jre.jar:/IUT45/Etudiants/o22204986/minecraftiut/PolyMC-Linux-Portable-6.1/libraries/com/ibm/icu/icu4j/76.1/icu4j-76.1.jar:/IUT45/Etudiants/o22204986/minecraftiut/PolyMC-Linux-Portable-6.1/libraries/com/microsoft/azure/msal4j/1.17.2/msal4j-1.17.2.jar:/IUT45/Etudiants/o22204986/minecraftiut/PolyMC-Linux-Portable-6.1/libraries/com/mojang/authlib/6.0.57/authlib-6.0.57.jar:/IUT45/Etudiants/o22204986/minecraftiut/PolyMC-Linux-Portable-6.1/libraries/com/mojang/blocklist/1.0.10/blocklist-1.0.10.jar:/IUT45/Etudiants/o22204986/minecraftiut/PolyMC-Linux-Portable-6.1/libraries/com/mojang/brigadier/1.3.10/brigadier-1.3.10.jar:/IUT45/Etudiants/o22204986/minecraftiut/PolyMC-Linux-Portable-6.1/libraries/com/mojang/datafixerupper/8.0.16/datafixerupper-8.0.16.jar:/IUT45/Etudiants/o22204986/minecraftiut/PolyMC-Linux-Portable-6.1/libraries/com/mojang/jtracy/1.0.29/jtracy-1.0.29.jar:/IUT45/Etudiants/o22204986/minecraftiut/PolyMC-Linux-Portable-6.1/libraries/com/mojang/jtracy-natives-linux/1.0.29/jtracy-natives-linux-1.0.29.jar:/IUT45/Etudiants/o22204986/minecraftiut/PolyMC-Linux-Portable-6.1/libraries/com/mojang/logging/1.5.10/logging-1.5.10.jar:/IUT45/Etudiants/o22204986/minecraftiut/PolyMC-Linux-Portable-6.1/libraries/com/mojang/patchy/2.2.10/patchy-2.2.10.jar:/IUT45/Etudiants/o22204986/minecraftiut/PolyMC-Linux-Portable-6.1/libraries/com/mojang/text2speech/1.17.9/text2speech-1.17.9.jar:/IUT45/Etudiants/o22204986/minecraftiut/PolyMC-Linux-Portable-6.1/libraries/com/nimbusds/content-type/2.3/content-type-2.3.jar:/IUT45/Etudiants/o22204986/minecraftiut/PolyMC-Linux-Portable-6.1/libraries/com/nimbusds/lang-tag/1.7/lang-tag-1.7.jar:/IUT45/Etudiants/o22204986/minecraftiut/PolyMC-Linux-Portable-6.1/libraries/com/nimbusds/nimbus-jose-jwt/9.40/nimbus-jose-jwt-9.40.jar:/IUT45/Etudiants/o22204986/minecraftiut/PolyMC-Linux-Portable-6.1/libraries/com/nimbusds/oauth2-oidc-sdk/11.18/oauth2-oidc-sdk-11.18.jar:/IUT45/Etudiants/o22204986/minecraftiut/PolyMC-Linux-Portable-6.1/libraries/commons-codec/commons-codec/1.17.1/commons-codec-1.17.1.jar:/IUT45/Etudiants/o22204986/minecraftiut/PolyMC-Linux-Portable-6.1/libraries/commons-io/commons-io/2.17.0/commons-io-2.17.0.jar:/IUT45/Etudiants/o22204986/minecraftiut/PolyMC-Linux-Portable-6.1/libraries/commons-logging/commons-logging/1.3.4/commons-logging-1.3.4.jar:/IUT45/Etudiants/o22204986/minecraftiut/PolyMC-Linux-Portable-6.1/libraries/io/netty/netty-buffer/4.1.115.Final/netty-buffer-4.1.115.Final.jar:/IUT45/Etudiants/o22204986/minecraftiut/PolyMC-Linux-Portable-6.1/libraries/io/netty/netty-codec/4.1.115.Final/netty-codec-4.1.115.Final.jar:/IUT45/Etudiants/o22204986/minecraftiut/PolyMC-Linux-Portable-6.1/libraries/io/netty/netty-common/4.1.115.Final/netty-common-4.1.115.Final.jar:/IUT45/Etudiants/o22204986/minecraftiut/PolyMC-Linux-Portable-6.1/libraries/io/netty/netty-handler/4.1.115.Final/netty-handler-4.1.115.Final.jar:/IUT45/Etudiants/o22204986/minecraftiut/PolyMC-Linux-Portable-6.1/libraries/io/netty/netty-resolver/4.1.115.Final/netty-resolver-4.1.115.Final.jar:/IUT45/Etudiants/o22204986/minecraftiut/PolyMC-Linux-Portable-6.1/libraries/io/netty/netty-transport-classes-epoll/4.1.115.Final/netty-transport-classes-epoll-4.1.115.Final.jar:/IUT45/Etudiants/o22204986/minecraftiut/PolyMC-Linux-Portable-6.1/libraries/io/netty/netty-transport-native-epoll/4.1.115.Final/netty-transport-native-epoll-4.1.115.Final-linux-aarch_64.jar:/IUT45/Etudiants/o22204986/minecraftiut/PolyMC-Linux-Portable-6.1/libraries/io/netty/netty-transport-native-epoll/4.1.115.Final/netty-transport-native-epoll-4.1.115.Final-linux-x86_64.jar:/IUT45/Etudiants/o22204986/minecraftiut/PolyMC-Linux-Portable-6.1/libraries/io/netty/netty-transport-native-unix-common/4.1.115.Final/netty-transport-native-unix-common-4.1.115.Final.jar:/IUT45/Etudiants/o22204986/minecraftiut/PolyMC-Linux-Portable-6.1/libraries/io/netty/netty-transport/4.1.115.Final/netty-transport-4.1.115.Final.jar:/IUT45/Etudiants/o22204986/minecraftiut/PolyMC-Linux-Portable-6.1/libraries/it/unimi/dsi/fastutil/8.5.15/fastutil-8.5.15.jar:/IUT45/Etudiants/o22204986/minecraftiut/PolyMC-Linux-Portable-6.1/libraries/net/java/dev/jna/jna-platform/5.15.0/jna-platform-5.15.0.jar:/IUT45/Etudiants/o22204986/minecraftiut/PolyMC-Linux-Portable-6.1/libraries/net/java/dev/jna/jna/5.15.0/jna-5.15.0.jar:/IUT45/Etudiants/o22204986/minecraftiut/PolyMC-Linux-Portable-6.1/libraries/net/minidev/accessors-smart/2.5.1/accessors-smart-2.5.1.jar:/IUT45/Etudiants/o22204986/minecraftiut/PolyMC-Linux-Portable-6.1/libraries/net/minidev/json-smart/2.5.1/json-smart-2.5.1.jar:/IUT45/Etudiants/o22204986/minecraftiut/PolyMC-Linux-Portable-6.1/libraries/net/sf/jopt-simple/jopt-simple/5.0.4/jopt-simple-5.0.4.jar:/IUT45/Etudiants/o22204986/minecraftiut/PolyMC-Linux-Portable-6.1/libraries/org/apache/commons/commons-compress/1.27.1/commons-compress-1.27.1.jar:/IUT45/Etudiants/o22204986/minecraftiut/PolyMC-Linux-Portable-6.1/libraries/org/apache/commons/commons-lang3/3.17.0/commons-lang3-3.17.0.jar:/IUT45/Etudiants/o22204986/minecraftiut/PolyMC-Linux-Portable-6.1/libraries/org/apache/httpcomponents/httpclient/4.5.14/httpclient-4.5.14.jar:/IUT45/Etudiants/o22204986/minecraftiut/PolyMC-Linux-Portable-6.1/libraries/org/apache/httpcomponents/httpcore/4.4.16/httpcore-4.4.16.jar:/IUT45/Etudiants/o22204986/minecraftiut/PolyMC-Linux-Portable-6.1/libraries/org/apache/logging/log4j/log4j-api/2.24.1/log4j-api-2.24.1.jar:/IUT45/Etudiants/o22204986/minecraftiut/PolyMC-Linux-Portable-6.1/libraries/org/apache/logging/log4j/log4j-core/2.24.1/log4j-core-2.24.1.jar:/IUT45/Etudiants/o22204986/minecraftiut/PolyMC-Linux-Portable-6.1/libraries/org/apache/logging/log4j/log4j-slf4j2-impl/2.24.1/log4j-slf4j2-impl-2.24.1.jar:/IUT45/Etudiants/o22204986/minecraftiut/PolyMC-Linux-Portable-6.1/libraries/org/jcraft/jorbis/0.0.17/jorbis-0.0.17.jar:/IUT45/Etudiants/o22204986/minecraftiut/PolyMC-Linux-Portable-6.1/libraries/org/joml/joml/1.10.8/joml-1.10.8.jar:/IUT45/Etudiants/o22204986/minecraftiut/PolyMC-Linux-Portable-6.1/libraries/org/lz4/lz4-java/1.8.0/lz4-java-1.8.0.jar:/IUT45/Etudiants/o22204986/minecraftiut/PolyMC-Linux-Portable-6.1/libraries/org/ow2/asm/asm/9.6/asm-9.6.jar:/IUT45/Etudiants/o22204986/minecraftiut/PolyMC-Linux-Portable-6.1/libraries/org/slf4j/slf4j-api/2.0.16/slf4j-api-2.0.16.jar:/IUT45/Etudiants/o22204986/minecraftiut/PolyMC-Linux-Portable-6.1/libraries/com/mojang/minecraft/1.21.4/minecraft-1.21.4-client.jar org.polymc.EntryPoint"
   47.236 D [HttpMetaCache] Saving metacache with 20 entries
  160.414 D Task "LauncherPartLaunch(0x6478d4083650)" succeeded
  160.443 D Writing account list to "accounts.json"
  160.445 D Building JSON data structure.
  160.453 D Building account array.
  160.455 D Writing account list to file.
  160.501 D Saved account list to "accounts.json"
  160.504 W Profile "fa3767bae476448699872be71b5b6e19" is no longer in use.
  160.707 D Task "LaunchTask(0x6478d42c4840)" succeeded
  160.709 D Task "LaunchController(0x6478d432d180)" succeeded
  570.114 D Task "LaunchController(0x7ccbc0197670)" starting for the first time
  572.176 D Task "LaunchTask(0x6478d407de30)" starting for the first time
  572.179 D Task "TextPrint(0x6478d4462050)" starting for the first time
  572.183 D Task "TextPrint(0x6478d4462050)" succeeded
  572.185 D Task "TextPrint(0x6478d43c0640)" starting for the first time
  572.190 D Task "TextPrint(0x6478d43c0640)" succeeded
  572.194 D Task "TextPrint(0x6478d4424e70)" starting for the first time
  572.195 D Task "TextPrint(0x6478d4424e70)" succeeded
  572.198 D Task "TextPrint(0x6478d43b0dc0)" starting for the first time
  572.200 D Task "TextPrint(0x6478d43b0dc0)" succeeded
  572.202 D Task "CheckJava(0x6478d4481da0)" starting for the first time
  572.219 W Entry "" could not be stripped from variable "LD_LIBRARY_PATH"
  572.221 D Env: stripped "LD_LIBRARY_PATH" "/usr/lib/oracle/12.1/client64/lib/" to "/usr/lib/oracle/12.1/client64/lib/"
  572.224 D "Running java checker: /usr/lib/jvm/java-21-openjdk-amd64/bin/java-jar /IUT45/Etudiants/o22204986/minecraftiut/PolyMC-Linux-Portable-6.1/share/jars/JavaCheck.jar"
  572.275 D STDOUT "os.arch=amd64\njava.version=21.0.5\njava.vendor=Ubuntu\n"
  572.275 W STDERR ""
  572.277 D Java checker finished with status  QProcess::NormalExit  exit code  0
  572.280 D Java checker succeeded.
  572.433 C "Error changing setting JavaVendor. Setting doesn't exist."
  572.487 D Task "CheckJava(0x6478d4481da0)" succeeded
  572.489 D Task "CreateGameFolders(0x6478d42d30d0)" starting for the first time
  572.500 D Task "CreateGameFolders(0x6478d42d30d0)" succeeded
  572.503 D Task "ClaimAccount(0x6478d4410f20)" starting for the first time
  572.508 D Writing account list to "accounts.json"
  572.511 D Building JSON data structure.
  572.514 D Building account array.
  572.517 D Writing account list to file.
  572.564 D Saved account list to "accounts.json"
  572.568 W Profile "fa3767bae476448699872be71b5b6e19" is now in use.
  572.571 D Task "ClaimAccount(0x6478d4410f20)" succeeded
  572.573 D Task "Update(0x6478d43b7ec0)" starting for the first time
  572.577 D Task "MinecraftUpdate(0x6478d44767c0)" starting for the first time
  572.586 D Task "ComponentUpdateTask(0x6478d441da20)" starting for the first time
  572.588 D Loading components
  572.591 D Index is already loaded
  572.594 D Component list save is scheduled for "1.21.4"
  572.596 D Resolving dependencies
  572.598 D "Req: org.lwjgl3" Is met.
  572.600 D Task "ComponentUpdateTask(0x6478d441da20)" succeeded
  572.602 D Component list update/resolve task succeeded for "1.21.4"
  572.604 D Task "FoldersTask(0x6478d4030640)" starting for the first time
  572.607 D Task "FoldersTask(0x6478d4030640)" succeeded
  572.609 D Task "LibrariesTask(0x6478d439c440)" starting for the first time
  572.612 D "1.21.4" : downloading libraries
  572.614 D Applying "org.lwjgl3" GOOD
  572.617 D Applying "net.minecraft" GOOD
  573.299 D Task "NetJob(Bibliothèques de l'instance 1.21.4)" starting for the first time
  573.301 D Task "NetJob(Bibliothèques de l'instance 1.21.4)" succeeded
  573.303 D Task "LibrariesTask(0x6478d439c440)" succeeded
  573.304 D Task "FMLLibrariesTask(0x6478d431b2a0)" starting for the first time
  573.306 D Task "FMLLibrariesTask(0x6478d431b2a0)" succeeded
  573.308 D Task "AssetUpdateTask(0x6478d432e4f0)" starting for the first time
  573.316 D Asset index SHA1: "7602781411ca0330c35519f201b058f985086d27"
  573.317 D "1.21.4" : Starting asset index download
  573.320 D Task "NetJob(Index des ressources de 1.21.4)" starting for the first time
  573.324 D Task "Net::Download(0x6478d422c710)" starting for the first time
  573.329 D Downloading  "https://piston-meta.mojang.com/v1/packages/7602781411ca0330c35519f201b058f985086d27/19.json"
  573.684 D Download succeeded: "https://piston-meta.mojang.com/v1/packages/7602781411ca0330c35519f201b058f985086d27/19.json"
  573.686 D Task "NetJob(Index des ressources de 1.21.4)" succeeded
  573.689 D "1.21.4" : Finished asset index download
  586.382 D Task "AssetUpdateTask(0x6478d432e4f0)" succeeded
  586.382 D Task "MinecraftUpdate(0x6478d44767c0)" succeeded
  586.386 D Task "Update(0x6478d43b7ec0)" succeeded
  586.391 D Task "ModMinecraftJar(0x6478d432f970)" starting for the first time
  586.393 D Task "ModMinecraftJar(0x6478d432f970)" succeeded
  586.395 D Task "ScanModFolders(0x6478d4458eb0)" starting for the first time
  586.405 D Component list save performed now for "1.21.4"
  586.525 D Task "ScanModFolders(0x6478d4458eb0)" succeeded
  586.527 D Task "PrintInstanceInfo(0x6478d410a330)" starting for the first time
  587.103 D Task "PrintInstanceInfo(0x6478d410a330)" succeeded
  587.104 D Task "ExtractNatives(0x6478d41dc450)" starting for the first time
  587.106 D Task "ExtractNatives(0x6478d41dc450)" succeeded
  587.108 D Task "ReconstructAssets(0x6478d4479280)" starting for the first time
  587.110 D reconstructAssets "assets" "assets/indexes" "assets/objects" "assets/virtual" "assets/virtual/19"
  587.120 D Task "ReconstructAssets(0x6478d4479280)" succeeded
  587.123 D Task "VerifyJavaInstall(0x6478d4495a10)" starting for the first time
  587.125 D Task "VerifyJavaInstall(0x6478d4495a10)" succeeded
  587.126 D Task "LauncherPartLaunch(0x6478d4228b10)" starting for the first time
  587.176 W Entry "" could not be stripped from variable "LD_LIBRARY_PATH"
  587.179 D Env: stripped "LD_LIBRARY_PATH" "/usr/lib/oracle/12.1/client64/lib/" to "/usr/lib/oracle/12.1/client64/lib/"
  587.182 D "-Xms512m -Xmx4096m -Duser.language=en -Djava.library.path=/IUT45/Etudiants/o22204986/minecraftiut/PolyMC-Linux-Portable-6.1/instances/1.21.4/natives -cp /IUT45/Etudiants/o22204986/minecraftiut/PolyMC-Linux-Portable-6.1/share/jars/NewLaunch.jar:/IUT45/Etudiants/o22204986/minecraftiut/PolyMC-Linux-Portable-6.1/libraries/org/lwjgl/lwjgl-freetype-natives-linux/3.3.3/lwjgl-freetype-natives-linux-3.3.3.jar:/IUT45/Etudiants/o22204986/minecraftiut/PolyMC-Linux-Portable-6.1/libraries/org/lwjgl/lwjgl-freetype-natives-macos-patch/3.3.3/lwjgl-freetype-natives-macos-patch-3.3.3.jar:/IUT45/Etudiants/o22204986/minecraftiut/PolyMC-Linux-Portable-6.1/libraries/org/lwjgl/lwjgl-freetype/3.3.3/lwjgl-freetype-3.3.3.jar:/IUT45/Etudiants/o22204986/minecraftiut/PolyMC-Linux-Portable-6.1/libraries/org/lwjgl/lwjgl-glfw-natives-linux/3.3.3/lwjgl-glfw-natives-linux-3.3.3.jar:/IUT45/Etudiants/o22204986/minecraftiut/PolyMC-Linux-Portable-6.1/libraries/org/lwjgl/lwjgl-glfw/3.3.3/lwjgl-glfw-3.3.3.jar:/IUT45/Etudiants/o22204986/minecraftiut/PolyMC-Linux-Portable-6.1/libraries/org/lwjgl/lwjgl-jemalloc-natives-linux/3.3.3/lwjgl-jemalloc-natives-linux-3.3.3.jar:/IUT45/Etudiants/o22204986/minecraftiut/PolyMC-Linux-Portable-6.1/libraries/org/lwjgl/lwjgl-jemalloc/3.3.3/lwjgl-jemalloc-3.3.3.jar:/IUT45/Etudiants/o22204986/minecraftiut/PolyMC-Linux-Portable-6.1/libraries/org/lwjgl/lwjgl-natives-linux/3.3.3/lwjgl-natives-linux-3.3.3.jar:/IUT45/Etudiants/o22204986/minecraftiut/PolyMC-Linux-Portable-6.1/libraries/org/lwjgl/lwjgl-openal-natives-linux/3.3.3/lwjgl-openal-natives-linux-3.3.3.jar:/IUT45/Etudiants/o22204986/minecraftiut/PolyMC-Linux-Portable-6.1/libraries/org/lwjgl/lwjgl-openal/3.3.3/lwjgl-openal-3.3.3.jar:/IUT45/Etudiants/o22204986/minecraftiut/PolyMC-Linux-Portable-6.1/libraries/org/lwjgl/lwjgl-opengl-natives-linux/3.3.3/lwjgl-opengl-natives-linux-3.3.3.jar:/IUT45/Etudiants/o22204986/minecraftiut/PolyMC-Linux-Portable-6.1/libraries/org/lwjgl/lwjgl-opengl/3.3.3/lwjgl-opengl-3.3.3.jar:/IUT45/Etudiants/o22204986/minecraftiut/PolyMC-Linux-Portable-6.1/libraries/org/lwjgl/lwjgl-stb-natives-linux/3.3.3/lwjgl-stb-natives-linux-3.3.3.jar:/IUT45/Etudiants/o22204986/minecraftiut/PolyMC-Linux-Portable-6.1/libraries/org/lwjgl/lwjgl-stb/3.3.3/lwjgl-stb-3.3.3.jar:/IUT45/Etudiants/o22204986/minecraftiut/PolyMC-Linux-Portable-6.1/libraries/org/lwjgl/lwjgl-tinyfd-natives-linux/3.3.3/lwjgl-tinyfd-natives-linux-3.3.3.jar:/IUT45/Etudiants/o22204986/minecraftiut/PolyMC-Linux-Portable-6.1/libraries/org/lwjgl/lwjgl-tinyfd/3.3.3/lwjgl-tinyfd-3.3.3.jar:/IUT45/Etudiants/o22204986/minecraftiut/PolyMC-Linux-Portable-6.1/libraries/org/lwjgl/lwjgl/3.3.3/lwjgl-3.3.3.jar:/IUT45/Etudiants/o22204986/minecraftiut/PolyMC-Linux-Portable-6.1/libraries/com/fasterxml/jackson/core/jackson-annotations/2.13.4/jackson-annotations-2.13.4.jar:/IUT45/Etudiants/o22204986/minecraftiut/PolyMC-Linux-Portable-6.1/libraries/com/fasterxml/jackson/core/jackson-core/2.13.4/jackson-core-2.13.4.jar:/IUT45/Etudiants/o22204986/minecraftiut/PolyMC-Linux-Portable-6.1/libraries/com/fasterxml/jackson/core/jackson-databind/2.13.4.2/jackson-databind-2.13.4.2.jar:/IUT45/Etudiants/o22204986/minecraftiut/PolyMC-Linux-Portable-6.1/libraries/com/github/oshi/oshi-core/6.6.5/oshi-core-6.6.5.jar:/IUT45/Etudiants/o22204986/minecraftiut/PolyMC-Linux-Portable-6.1/libraries/com/github/stephenc/jcip/jcip-annotations/1.0-1/jcip-annotations-1.0-1.jar:/IUT45/Etudiants/o22204986/minecraftiut/PolyMC-Linux-Portable-6.1/libraries/com/google/code/gson/gson/2.11.0/gson-2.11.0.jar:/IUT45/Etudiants/o22204986/minecraftiut/PolyMC-Linux-Portable-6.1/libraries/com/google/guava/failureaccess/1.0.2/failureaccess-1.0.2.jar:/IUT45/Etudiants/o22204986/minecraftiut/PolyMC-Linux-Portable-6.1/libraries/com/google/guava/guava/33.3.1-jre/guava-33.3.1-jre.jar:/IUT45/Etudiants/o22204986/minecraftiut/PolyMC-Linux-Portable-6.1/libraries/com/ibm/icu/icu4j/76.1/icu4j-76.1.jar:/IUT45/Etudiants/o22204986/minecraftiut/PolyMC-Linux-Portable-6.1/libraries/com/microsoft/azure/msal4j/1.17.2/msal4j-1.17.2.jar:/IUT45/Etudiants/o22204986/minecraftiut/PolyMC-Linux-Portable-6.1/libraries/com/mojang/authlib/6.0.57/authlib-6.0.57.jar:/IUT45/Etudiants/o22204986/minecraftiut/PolyMC-Linux-Portable-6.1/libraries/com/mojang/blocklist/1.0.10/blocklist-1.0.10.jar:/IUT45/Etudiants/o22204986/minecraftiut/PolyMC-Linux-Portable-6.1/libraries/com/mojang/brigadier/1.3.10/brigadier-1.3.10.jar:/IUT45/Etudiants/o22204986/minecraftiut/PolyMC-Linux-Portable-6.1/libraries/com/mojang/datafixerupper/8.0.16/datafixerupper-8.0.16.jar:/IUT45/Etudiants/o22204986/minecraftiut/PolyMC-Linux-Portable-6.1/libraries/com/mojang/jtracy/1.0.29/jtracy-1.0.29.jar:/IUT45/Etudiants/o22204986/minecraftiut/PolyMC-Linux-Portable-6.1/libraries/com/mojang/jtracy-natives-linux/1.0.29/jtracy-natives-linux-1.0.29.jar:/IUT45/Etudiants/o22204986/minecraftiut/PolyMC-Linux-Portable-6.1/libraries/com/mojang/logging/1.5.10/logging-1.5.10.jar:/IUT45/Etudiants/o22204986/minecraftiut/PolyMC-Linux-Portable-6.1/libraries/com/mojang/patchy/2.2.10/patchy-2.2.10.jar:/IUT45/Etudiants/o22204986/minecraftiut/PolyMC-Linux-Portable-6.1/libraries/com/mojang/text2speech/1.17.9/text2speech-1.17.9.jar:/IUT45/Etudiants/o22204986/minecraftiut/PolyMC-Linux-Portable-6.1/libraries/com/nimbusds/content-type/2.3/content-type-2.3.jar:/IUT45/Etudiants/o22204986/minecraftiut/PolyMC-Linux-Portable-6.1/libraries/com/nimbusds/lang-tag/1.7/lang-tag-1.7.jar:/IUT45/Etudiants/o22204986/minecraftiut/PolyMC-Linux-Portable-6.1/libraries/com/nimbusds/nimbus-jose-jwt/9.40/nimbus-jose-jwt-9.40.jar:/IUT45/Etudiants/o22204986/minecraftiut/PolyMC-Linux-Portable-6.1/libraries/com/nimbusds/oauth2-oidc-sdk/11.18/oauth2-oidc-sdk-11.18.jar:/IUT45/Etudiants/o22204986/minecraftiut/PolyMC-Linux-Portable-6.1/libraries/commons-codec/commons-codec/1.17.1/commons-codec-1.17.1.jar:/IUT45/Etudiants/o22204986/minecraftiut/PolyMC-Linux-Portable-6.1/libraries/commons-io/commons-io/2.17.0/commons-io-2.17.0.jar:/IUT45/Etudiants/o22204986/minecraftiut/PolyMC-Linux-Portable-6.1/libraries/commons-logging/commons-logging/1.3.4/commons-logging-1.3.4.jar:/IUT45/Etudiants/o22204986/minecraftiut/PolyMC-Linux-Portable-6.1/libraries/io/netty/netty-buffer/4.1.115.Final/netty-buffer-4.1.115.Final.jar:/IUT45/Etudiants/o22204986/minecraftiut/PolyMC-Linux-Portable-6.1/libraries/io/netty/netty-codec/4.1.115.Final/netty-codec-4.1.115.Final.jar:/IUT45/Etudiants/o22204986/minecraftiut/PolyMC-Linux-Portable-6.1/libraries/io/netty/netty-common/4.1.115.Final/netty-common-4.1.115.Final.jar:/IUT45/Etudiants/o22204986/minecraftiut/PolyMC-Linux-Portable-6.1/libraries/io/netty/netty-handler/4.1.115.Final/netty-handler-4.1.115.Final.jar:/IUT45/Etudiants/o22204986/minecraftiut/PolyMC-Linux-Portable-6.1/libraries/io/netty/netty-resolver/4.1.115.Final/netty-resolver-4.1.115.Final.jar:/IUT45/Etudiants/o22204986/minecraftiut/PolyMC-Linux-Portable-6.1/libraries/io/netty/netty-transport-classes-epoll/4.1.115.Final/netty-transport-classes-epoll-4.1.115.Final.jar:/IUT45/Etudiants/o22204986/minecraftiut/PolyMC-Linux-Portable-6.1/libraries/io/netty/netty-transport-native-epoll/4.1.115.Final/netty-transport-native-epoll-4.1.115.Final-linux-aarch_64.jar:/IUT45/Etudiants/o22204986/minecraftiut/PolyMC-Linux-Portable-6.1/libraries/io/netty/netty-transport-native-epoll/4.1.115.Final/netty-transport-native-epoll-4.1.115.Final-linux-x86_64.jar:/IUT45/Etudiants/o22204986/minecraftiut/PolyMC-Linux-Portable-6.1/libraries/io/netty/netty-transport-native-unix-common/4.1.115.Final/netty-transport-native-unix-common-4.1.115.Final.jar:/IUT45/Etudiants/o22204986/minecraftiut/PolyMC-Linux-Portable-6.1/libraries/io/netty/netty-transport/4.1.115.Final/netty-transport-4.1.115.Final.jar:/IUT45/Etudiants/o22204986/minecraftiut/PolyMC-Linux-Portable-6.1/libraries/it/unimi/dsi/fastutil/8.5.15/fastutil-8.5.15.jar:/IUT45/Etudiants/o22204986/minecraftiut/PolyMC-Linux-Portable-6.1/libraries/net/java/dev/jna/jna-platform/5.15.0/jna-platform-5.15.0.jar:/IUT45/Etudiants/o22204986/minecraftiut/PolyMC-Linux-Portable-6.1/libraries/net/java/dev/jna/jna/5.15.0/jna-5.15.0.jar:/IUT45/Etudiants/o22204986/minecraftiut/PolyMC-Linux-Portable-6.1/libraries/net/minidev/accessors-smart/2.5.1/accessors-smart-2.5.1.jar:/IUT45/Etudiants/o22204986/minecraftiut/PolyMC-Linux-Portable-6.1/libraries/net/minidev/json-smart/2.5.1/json-smart-2.5.1.jar:/IUT45/Etudiants/o22204986/minecraftiut/PolyMC-Linux-Portable-6.1/libraries/net/sf/jopt-simple/jopt-simple/5.0.4/jopt-simple-5.0.4.jar:/IUT45/Etudiants/o22204986/minecraftiut/PolyMC-Linux-Portable-6.1/libraries/org/apache/commons/commons-compress/1.27.1/commons-compress-1.27.1.jar:/IUT45/Etudiants/o22204986/minecraftiut/PolyMC-Linux-Portable-6.1/libraries/org/apache/commons/commons-lang3/3.17.0/commons-lang3-3.17.0.jar:/IUT45/Etudiants/o22204986/minecraftiut/PolyMC-Linux-Portable-6.1/libraries/org/apache/httpcomponents/httpclient/4.5.14/httpclient-4.5.14.jar:/IUT45/Etudiants/o22204986/minecraftiut/PolyMC-Linux-Portable-6.1/libraries/org/apache/httpcomponents/httpcore/4.4.16/httpcore-4.4.16.jar:/IUT45/Etudiants/o22204986/minecraftiut/PolyMC-Linux-Portable-6.1/libraries/org/apache/logging/log4j/log4j-api/2.24.1/log4j-api-2.24.1.jar:/IUT45/Etudiants/o22204986/minecraftiut/PolyMC-Linux-Portable-6.1/libraries/org/apache/logging/log4j/log4j-core/2.24.1/log4j-core-2.24.1.jar:/IUT45/Etudiants/o22204986/minecraftiut/PolyMC-Linux-Portable-6.1/libraries/org/apache/logging/log4j/log4j-slf4j2-impl/2.24.1/log4j-slf4j2-impl-2.24.1.jar:/IUT45/Etudiants/o22204986/minecraftiut/PolyMC-Linux-Portable-6.1/libraries/org/jcraft/jorbis/0.0.17/jorbis-0.0.17.jar:/IUT45/Etudiants/o22204986/minecraftiut/PolyMC-Linux-Portable-6.1/libraries/org/joml/joml/1.10.8/joml-1.10.8.jar:/IUT45/Etudiants/o22204986/minecraftiut/PolyMC-Linux-Portable-6.1/libraries/org/lz4/lz4-java/1.8.0/lz4-java-1.8.0.jar:/IUT45/Etudiants/o22204986/minecraftiut/PolyMC-Linux-Portable-6.1/libraries/org/ow2/asm/asm/9.6/asm-9.6.jar:/IUT45/Etudiants/o22204986/minecraftiut/PolyMC-Linux-Portable-6.1/libraries/org/slf4j/slf4j-api/2.0.16/slf4j-api-2.0.16.jar:/IUT45/Etudiants/o22204986/minecraftiut/PolyMC-Linux-Portable-6.1/libraries/com/mojang/minecraft/1.21.4/minecraft-1.21.4-client.jar org.polymc.EntryPoint"
  603.235 D [HttpMetaCache] Saving metacache with 20 entries
 1025.453 D Task "LauncherPartLaunch(0x6478d4228b10)" succeeded
 1025.491 D Writing account list to "accounts.json"
 1025.495 D Building JSON data structure.
 1025.496 D Building account array.
 1025.498 D Writing account list to file.
 1025.604 D Saved account list to "accounts.json"
 1025.607 W Profile "fa3767bae476448699872be71b5b6e19" is no longer in use.
 1025.781 D Task "LaunchTask(0x6478d407de30)" succeeded
 1025.784 D Task "LaunchController(0x7ccbc0197670)" succeeded
